INFO:root:{'faction': 'AlphaStrike', 'bid': 0}
INFO:root:{'spINFO:root:{'spawn': array([20, 32], dtype=int64), 'metal': 150, 'water': 150}
INFO:root:{'spINFO:root:{'spawn': array([18, 44], dtype=int64), 'metal': 150, 'water': 150}
INFO:root:{'factory_0': 1, 'factory_2': 1}
INFO:root:{'unit_4': [array([0, 1, 0, 0, 0])], 'unit_5': [array([0, 3, 0, 0, 0])]}
INFO:root:{'unit_6': [array([0, 2, 0, 0, 0])], 'unit_7': [array([0, 4, 0, 0, 0])]}
INFO:root:{'unit_6': [array([0, 2, 0, 0, 0])], 'unit_7': [array([0, 4, 0, 0, 0])]}
INFO:root:{'unit_6': [array([0, 2, 0, 0, 0])], 'unit_7': [array([0, 4, 0, 0, 0])]}
INFO:root:{'unit_4': [array([0, 1, 0, 0, 0])], 'unit_5': [array([0, 4, 0, 0, 0])]}
INFO:root:{'unit_7': [array([0, 4, 0, 0, 0])]}
INFO:root:{'unit_7': [array([0, 1, 0INFO:root:{'INFO:root:{'unit_7': [array([0, 4, 0, 0, 0])]}
INFO:root:{}
INFO:root:{'unit_6': [array([0, 2, 0, 0, 0])]}
INFO:root:{}
INFO:root:{}
INFO:root:{}
INFO:root:{'unit_6': [array([0, 2, 0, 0, 0])]}
INFO:root:{}
INFO:root:{}
INFO:root:{}
INFO:root:{}
INFO:root:{'unit_6': [array([0, 2, 0, 0, 0])]}
INFO:root:{}
INFO:root:{}
INFO:root:{}
INFO:root:{}
INFO:root:{'unit_6': [array([0, 1, 0, 0, 0])]}
INFO:root:{}
INFO:root:{}
INFO:root:{'unit_6': [array([0, 2, 0, 0, 0])]}
INFO:root:{}
INFO:root:{}
INFO:root:{'unit_6': [array([0, 1, 0, 0, 0])]}
INFO:root:{}
INFO:root:{}
INFO:root:{}
INFO:root:{}
INFO:root:{}
INFO:root:{}
INFO:root:{}
INFO:root:{}
INFO:root:{}
INFO:root:{}
INFO:root:{}
INFO:root:{}
INFO:root:{}
INFO:root:{}
INFO:root:{}
INFO:root:{}
INFO:root:{}
INFO:root:{}
INFO:root:{}
INFO:root:{}
INFO:root:{}
INFO:root:{}
INFO:root:{'unit_6': [array([0, 2, 0, 0, 0])]}
INFO:root:{}
INFO:root:{}
INFO:root:{}
INFO:root:{'unit_6': [array([0, 1, 0, 0, 0])]}
INFO:root:{}
INFO:root:{}
INFO:root:{}
INFO:root:{}
INFO:root:{'unit_6': [array([0, 2, 0, 0, 0])]}
INFO:root:{}
INFO:root:{}
INFO:root:{}
INFO:root:{}
INFO:root:{}
INFO:root:{}
INFO:root:{}
INFO:root:{}
INFO:root:{}
INFO:root:{}
INFO:root:{}
INFO:root:{}
INFO:root:{'unit_6': [array([3, 0, 0, 0, 0])]}
INFO:root:{}
INFO:root:{}
INFO:root:{}
INFO:root:{}
INFO:root:{}
INFO:root:{}
INFO:root:{}
INFO:root:{}
INFO:root:{}
INFO:root:{}
INFO:root:{}
INFO:root:{}
INFO:root:{}
INFO:root:{}
INFO:root:{}
INFO:root:{}
INFO:root:{}
INFO:root:{}
INFO:root:{}
INFO:root:{}
INFO:root:{}
INFO:root:{}
INFO:root:{}
INFO:root:{}
INFO:root:{}
INFO:root:{}
INFO:root:{}
INFO:root:{}
INFO:root:{}
INFO:root:{}
INFO:root:{}
INFO:root:{}
INFO:root:{}
INFO:root:{'unit_6': [array([3, 0, 0, 0, 0])]}
INFO:root:{}
INFO:root:{}
INFO:root:{}
INFO:root:{}
INFO:root:{}
INFO:root:{}
INFO:root:{}
INFO:root:{}
INFO:root:{}
INFO:root:{}
INFO:root:{'unit_6': [array([3, 0, 0, 0, 0])]}
INFO:root:{}
INFO:root:{}
INFO:root:{}
INFO:root:{}
INFO:root:{}
INFO:root:{}
INFO:root:{}
INFO:root:{'unit_6': [array([0, 4, 0, 0, 0])]}
INFO:root:{}
INFO:root:{}
INFO:root:{}
INFO:root:{}
INFO:root:{}
INFO:root:{}
INFO:root:{}
INFO:root:{}
INFO:root:{}
INFO:root:{}
INFO:root:{}
INFO:root:{}
INFO:root:{}
INFO:root:{}
INFO:root:{}
INFO:root:{}
INFO:root:{}
INFO:root:{}
INFO:root:{}
INFO:root:{}
INFO:root:{}
INFO:root:{}
FO:root:{}
INFO:root:{'unit_5': [array([0, 1, 0, 0, 0])]}
INFO:root:{}
INFO:root:{}
INFO:root:{}
INFO:root:{}
INFO:root:{}
INFO:root:{}
INFO:root:{}
INFO:root:{}
INFO:root:{}
INFO:root:{}
INFO:root:{}
INFO:root:{}
INFO:root:{}
INFO:root:{}
INFO:root:{}
INFO:root:{}
INFO:root:{}
INFO:root:{}
INFO:root:{}
INFO:root:{}
INFO:root:{}
INFO:root:{}
INFO:root:{}
